2018/05/03 17:20:14 [error] [system.db.CDbCommand] CDbCommand::execute() failed: SQLSTATE[23000]: Integrity constraint violation: 1451 Cannot delete or update a parent row: a foreign key constraint fails (`vodaydb`.`messages`, CONSTRAINT `fk_foreign_key_name` FOREIGN KEY (`eventId`) REFERENCES `events` (`eventId`)). The SQL statement executed was: DELETE FROM `events` WHERE eventId ='17'.
2018/05/03 17:20:14 [error] [exception.CDbException] exception 'CDbException' with message 'CDbCommand failed to execute the SQL statement: SQLSTATE[23000]: Integrity constraint violation: 1451 Cannot delete or update a parent row: a foreign key constraint fails (`vodaydb`.`messages`, CONSTRAINT `fk_foreign_key_name` FOREIGN KEY (`eventId`) REFERENCES `events` (`eventId`))' in C:\websites\2017-projects\virtualopenday\yii\framework\db\CDbCommand.php:358
Stack trace:
#0 C:\websites\2017-projects\virtualopenday\yii\framework\db\ar\CActiveRecord.php(1826): CDbCommand->execute()
#1 C:\websites\2017-projects\virtualopenday\protected\modules\events\controllers\EventsController.php(400): CActiveRecord->deleteAll('eventId ='17'')
#2 C:\websites\2017-projects\virtualopenday\yii\framework\web\actions\CInlineAction.php(49): EventsController->actionDeleteRecord()
#3 C:\websites\2017-projects\virtualopenday\yii\framework\web\CController.php(308): CInlineAction->runWithParams(Array)
#4 C:\websites\2017-projects\virtualopenday\yii\framework\web\filters\CFilterChain.php(134): CController->runAction(Object(CInlineAction))
#5 C:\websites\2017-projects\virtualopenday\yii\framework\web\filters\CFilter.php(40): CFilterChain->run()
#6 C:\websites\2017-projects\virtualopenday\yii\framework\web\CController.php(1148): CFilter->filter(Object(CFilterChain))
#7 C:\websites\2017-projects\virtualopenday\yii\framework\web\filters\CInlineFilter.php(58): CController->filterAccessControl(Object(CFilterChain))
#8 C:\websites\2017-projects\virtualopenday\yii\framework\web\filters\CFilterChain.php(131): CInlineFilter->filter(Object(CFilterChain))
#9 C:\websites\2017-projects\virtualopenday\yii\framework\web\CController.php(291): CFilterChain->run()
#10 C:\websites\2017-projects\virtualopenday\yii\framework\web\CController.php(265): CController->runActionWithFilters(Object(CInlineAction), Array)
#11 C:\websites\2017-projects\virtualopenday\yii\framework\web\CWebApplication.php(282): CController->run('deleterecord')
#12 C:\websites\2017-projects\virtualopenday\yii\framework\web\CWebApplication.php(141): CWebApplication->runController('events/events/d...')
#13 C:\websites\2017-projects\virtualopenday\yii\framework\base\CApplication.php(185): CWebApplication->processRequest()
#14 C:\websites\2017-projects\virtualopenday\index.php(13): CApplication->run()
#15 {main}
REQUEST_URI=/2017-projects/virtualopenday/index.php/events/events/deleterecord?id=17
HTTP_REFERER=https://zeno.computing.dundee.ac.uk/2017-projects/virtualopenday/index.php/events/events/admin
---
2018/05/03 17:20:53 [error] [system.db.CDbCommand] CDbCommand::execute() failed: SQLSTATE[23000]: Integrity constraint violation: 1451 Cannot delete or update a parent row: a foreign key constraint fails (`vodaydb`.`messages`, CONSTRAINT `fk_foreign_key_name` FOREIGN KEY (`eventId`) REFERENCES `events` (`eventId`)). The SQL statement executed was: DELETE FROM `events` WHERE eventId ='8'.
2018/05/03 17:20:53 [error] [exception.CDbException] exception 'CDbException' with message 'CDbCommand failed to execute the SQL statement: SQLSTATE[23000]: Integrity constraint violation: 1451 Cannot delete or update a parent row: a foreign key constraint fails (`vodaydb`.`messages`, CONSTRAINT `fk_foreign_key_name` FOREIGN KEY (`eventId`) REFERENCES `events` (`eventId`))' in C:\websites\2017-projects\virtualopenday\yii\framework\db\CDbCommand.php:358
Stack trace:
#0 C:\websites\2017-projects\virtualopenday\yii\framework\db\ar\CActiveRecord.php(1826): CDbCommand->execute()
#1 C:\websites\2017-projects\virtualopenday\protected\modules\events\controllers\EventsController.php(400): CActiveRecord->deleteAll('eventId ='8'')
#2 C:\websites\2017-projects\virtualopenday\yii\framework\web\actions\CInlineAction.php(49): EventsController->actionDeleteRecord()
#3 C:\websites\2017-projects\virtualopenday\yii\framework\web\CController.php(308): CInlineAction->runWithParams(Array)
#4 C:\websites\2017-projects\virtualopenday\yii\framework\web\filters\CFilterChain.php(134): CController->runAction(Object(CInlineAction))
#5 C:\websites\2017-projects\virtualopenday\yii\framework\web\filters\CFilter.php(40): CFilterChain->run()
#6 C:\websites\2017-projects\virtualopenday\yii\framework\web\CController.php(1148): CFilter->filter(Object(CFilterChain))
#7 C:\websites\2017-projects\virtualopenday\yii\framework\web\filters\CInlineFilter.php(58): CController->filterAccessControl(Object(CFilterChain))
#8 C:\websites\2017-projects\virtualopenday\yii\framework\web\filters\CFilterChain.php(131): CInlineFilter->filter(Object(CFilterChain))
#9 C:\websites\2017-projects\virtualopenday\yii\framework\web\CController.php(291): CFilterChain->run()
#10 C:\websites\2017-projects\virtualopenday\yii\framework\web\CController.php(265): CController->runActionWithFilters(Object(CInlineAction), Array)
#11 C:\websites\2017-projects\virtualopenday\yii\framework\web\CWebApplication.php(282): CController->run('deleterecord')
#12 C:\websites\2017-projects\virtualopenday\yii\framework\web\CWebApplication.php(141): CWebApplication->runController('events/events/d...')
#13 C:\websites\2017-projects\virtualopenday\yii\framework\base\CApplication.php(185): CWebApplication->processRequest()
#14 C:\websites\2017-projects\virtualopenday\index.php(13): CApplication->run()
#15 {main}
REQUEST_URI=/2017-projects/virtualopenday/index.php/events/events/deleterecord?id=8
HTTP_REFERER=https://zeno.computing.dundee.ac.uk/2017-projects/virtualopenday/index.php/events/events/admin
---
2018/05/04 09:46:13 [error] [php] Trying to get property of non-object (C:\websites\2017-projects\virtualopenday\protected\modules\events\controllers\EventsController.php:171)
Stack trace:
#0 C:\websites\2017-projects\virtualopenday\yii\framework\web\filters\CFilterChain.php(134): EventsController->runAction()
#1 C:\websites\2017-projects\virtualopenday\yii\framework\web\filters\CFilter.php(40): CFilterChain->run()
#2 C:\websites\2017-projects\virtualopenday\yii\framework\web\CController.php(1148): CAccessControlFilter->filter()
#3 C:\websites\2017-projects\virtualopenday\yii\framework\web\filters\CInlineFilter.php(58): EventsController->filterAccessControl()
#4 C:\websites\2017-projects\virtualopenday\yii\framework\web\filters\CFilterChain.php(131): CInlineFilter->filter()
#5 C:\websites\2017-projects\virtualopenday\yii\framework\web\CController.php(291): CFilterChain->run()
#6 C:\websites\2017-projects\virtualopenday\yii\framework\web\CController.php(265): EventsController->runActionWithFilters()
#7 C:\websites\2017-projects\virtualopenday\yii\framework\web\CWebApplication.php(282): EventsController->run()
#8 C:\websites\2017-projects\virtualopenday\yii\framework\web\CWebApplication.php(141): CWebApplication->runController()
#9 C:\websites\2017-projects\virtualopenday\yii\framework\base\CApplication.php(185): CWebApplication->processRequest()
#10 C:\websites\2017-projects\virtualopenday\index.php(13): CWebApplication->run()
REQUEST_URI=/2017-projects/virtualopenday/index.php/events/events/admin
2018/05/04 09:48:01 [warning] [http.threads] Warning - someone tried to login with incorrect details
2018/05/04 09:51:12 [warning] [http.threads] Warning - someone tried to login with incorrect details
2018/05/04 09:51:15 [warning] [http.threads] Warning - someone tried to login with incorrect details
2018/05/04 11:13:47 [warning] [http.threads] Warning - someone tried to login with incorrect details
2018/05/04 15:54:16 [error] [php] Trying to get property of non-object (C:\websites\2017-projects\virtualopenday\protected\modules\events\controllers\EventsController.php:171)
Stack trace:
#0 C:\websites\2017-projects\virtualopenday\yii\framework\web\filters\CFilterChain.php(134): EventsController->runAction()
#1 C:\websites\2017-projects\virtualopenday\yii\framework\web\filters\CFilter.php(40): CFilterChain->run()
#2 C:\websites\2017-projects\virtualopenday\yii\framework\web\CController.php(1148): CAccessControlFilter->filter()
#3 C:\websites\2017-projects\virtualopenday\yii\framework\web\filters\CInlineFilter.php(58): EventsController->filterAccessControl()
#4 C:\websites\2017-projects\virtualopenday\yii\framework\web\filters\CFilterChain.php(131): CInlineFilter->filter()
#5 C:\websites\2017-projects\virtualopenday\yii\framework\web\CController.php(291): CFilterChain->run()
#6 C:\websites\2017-projects\virtualopenday\yii\framework\web\CController.php(265): EventsController->runActionWithFilters()
#7 C:\websites\2017-projects\virtualopenday\yii\framework\web\CWebApplication.php(282): EventsController->run()
#8 C:\websites\2017-projects\virtualopenday\yii\framework\web\CWebApplication.php(141): CWebApplication->runController()
#9 C:\websites\2017-projects\virtualopenday\yii\framework\base\CApplication.php(185): CWebApplication->processRequest()
#10 C:\websites\2017-projects\virtualopenday\index.php(13): CWebApplication->run()
REQUEST_URI=/2017-projects/virtualopenday/index.php/events/events/admin
2018/05/04 15:58:34 [error] [system.db.CDbCommand] CDbCommand::execute() failed: SQLSTATE[22001]: String data, right truncated: 1406 Data too long for column 'locationShortDescription' at row 1. The SQL statement executed was: UPDATE `locations` SET `locationId`=:yp0, `locationName`=:yp1, `locationDescription`=:yp2, `locationShortDescription`=:yp3, `locationDepartment`=:yp4, `locationLatitude`=:yp5, `locationLongitude`=:yp6, `locationImage`=:yp7 WHERE `locations`.`locationId`=9.
2018/05/04 15:58:34 [error] [exception.CDbException] exception 'CDbException' with message 'CDbCommand failed to execute the SQL statement: SQLSTATE[22001]: String data, right truncated: 1406 Data too long for column 'locationShortDescription' at row 1' in C:\websites\2017-projects\virtualopenday\yii\framework\db\CDbCommand.php:358
Stack trace:
#0 C:\websites\2017-projects\virtualopenday\yii\framework\db\ar\CActiveRecord.php(1756): CDbCommand->execute()
#1 C:\websites\2017-projects\virtualopenday\yii\framework\db\ar\CActiveRecord.php(1130): CActiveRecord->updateByPk('9', Array)
#2 C:\websites\2017-projects\virtualopenday\yii\framework\db\ar\CActiveRecord.php(811): CActiveRecord->update(NULL)
#3 C:\websites\2017-projects\virtualopenday\protected\modules\locations\controllers\LocationsController.php(176): CActiveRecord->save()
#4 C:\websites\2017-projects\virtualopenday\yii\framework\web\actions\CInlineAction.php(49): LocationsController->actionEdit()
#5 C:\websites\2017-projects\virtualopenday\yii\framework\web\CController.php(308): CInlineAction->runWithParams(Array)
#6 C:\websites\2017-projects\virtualopenday\yii\framework\web\filters\CFilterChain.php(134): CController->runAction(Object(CInlineAction))
#7 C:\websites\2017-projects\virtualopenday\yii\framework\web\filters\CFilter.php(40): CFilterChain->run()
#8 C:\websites\2017-projects\virtualopenday\yii\framework\web\CController.php(1148): CFilter->filter(Object(CFilterChain))
#9 C:\websites\2017-projects\virtualopenday\yii\framework\web\filters\CInlineFilter.php(58): CController->filterAccessControl(Object(CFilterChain))
#10 C:\websites\2017-projects\virtualopenday\yii\framework\web\filters\CFilterChain.php(131): CInlineFilter->filter(Object(CFilterChain))
#11 C:\websites\2017-projects\virtualopenday\yii\framework\web\CController.php(291): CFilterChain->run()
#12 C:\websites\2017-projects\virtualopenday\yii\framework\web\CController.php(265): CController->runActionWithFilters(Object(CInlineAction), Array)
#13 C:\websites\2017-projects\virtualopenday\yii\framework\web\CWebApplication.php(282): CController->run('edit')
#14 C:\websites\2017-projects\virtualopenday\yii\framework\web\CWebApplication.php(141): CWebApplication->runController('locations/locat...')
#15 C:\websites\2017-projects\virtualopenday\yii\framework\base\CApplication.php(185): CWebApplication->processRequest()
#16 C:\websites\2017-projects\virtualopenday\index.php(13): CApplication->run()
#17 {main}
REQUEST_URI=/2017-projects/virtualopenday/index.php/locations/locations/edit?id=9
HTTP_REFERER=https://zeno.computing.dundee.ac.uk/2017-projects/virtualopenday/index.php/locations/locations/edit?id=9
---
2018/05/04 15:58:46 [error] [system.db.CDbCommand] CDbCommand::execute() failed: SQLSTATE[22001]: String data, right truncated: 1406 Data too long for column 'locationShortDescription' at row 1. The SQL statement executed was: UPDATE `locations` SET `locationId`=:yp0, `locationName`=:yp1, `locationDescription`=:yp2, `locationShortDescription`=:yp3, `locationDepartment`=:yp4, `locationLatitude`=:yp5, `locationLongitude`=:yp6, `locationImage`=:yp7 WHERE `locations`.`locationId`=9.
2018/05/04 15:58:46 [error] [exception.CDbException] exception 'CDbException' with message 'CDbCommand failed to execute the SQL statement: SQLSTATE[22001]: String data, right truncated: 1406 Data too long for column 'locationShortDescription' at row 1' in C:\websites\2017-projects\virtualopenday\yii\framework\db\CDbCommand.php:358
Stack trace:
#0 C:\websites\2017-projects\virtualopenday\yii\framework\db\ar\CActiveRecord.php(1756): CDbCommand->execute()
#1 C:\websites\2017-projects\virtualopenday\yii\framework\db\ar\CActiveRecord.php(1130): CActiveRecord->updateByPk('9', Array)
#2 C:\websites\2017-projects\virtualopenday\yii\framework\db\ar\CActiveRecord.php(811): CActiveRecord->update(NULL)
#3 C:\websites\2017-projects\virtualopenday\protected\modules\locations\controllers\LocationsController.php(176): CActiveRecord->save()
#4 C:\websites\2017-projects\virtualopenday\yii\framework\web\actions\CInlineAction.php(49): LocationsController->actionEdit()
#5 C:\websites\2017-projects\virtualopenday\yii\framework\web\CController.php(308): CInlineAction->runWithParams(Array)
#6 C:\websites\2017-projects\virtualopenday\yii\framework\web\filters\CFilterChain.php(134): CController->runAction(Object(CInlineAction))
#7 C:\websites\2017-projects\virtualopenday\yii\framework\web\filters\CFilter.php(40): CFilterChain->run()
#8 C:\websites\2017-projects\virtualopenday\yii\framework\web\CController.php(1148): CFilter->filter(Object(CFilterChain))
#9 C:\websites\2017-projects\virtualopenday\yii\framework\web\filters\CInlineFilter.php(58): CController->filterAccessControl(Object(CFilterChain))
#10 C:\websites\2017-projects\virtualopenday\yii\framework\web\filters\CFilterChain.php(131): CInlineFilter->filter(Object(CFilterChain))
#11 C:\websites\2017-projects\virtualopenday\yii\framework\web\CController.php(291): CFilterChain->run()
#12 C:\websites\2017-projects\virtualopenday\yii\framework\web\CController.php(265): CController->runActionWithFilters(Object(CInlineAction), Array)
#13 C:\websites\2017-projects\virtualopenday\yii\framework\web\CWebApplication.php(282): CController->run('edit')
#14 C:\websites\2017-projects\virtualopenday\yii\framework\web\CWebApplication.php(141): CWebApplication->runController('locations/locat...')
#15 C:\websites\2017-projects\virtualopenday\yii\framework\base\CApplication.php(185): CWebApplication->processRequest()
#16 C:\websites\2017-projects\virtualopenday\index.php(13): CApplication->run()
#17 {main}
REQUEST_URI=/2017-projects/virtualopenday/index.php/locations/locations/edit?id=9
HTTP_REFERER=https://zeno.computing.dundee.ac.uk/2017-projects/virtualopenday/index.php/locations/locations/edit?id=9
---
2018/05/04 15:59:06 [error] [system.db.CDbCommand] CDbCommand::execute() failed: SQLSTATE[22001]: String data, right truncated: 1406 Data too long for column 'locationShortDescription' at row 1. The SQL statement executed was: UPDATE `locations` SET `locationId`=:yp0, `locationName`=:yp1, `locationDescription`=:yp2, `locationShortDescription`=:yp3, `locationDepartment`=:yp4, `locationLatitude`=:yp5, `locationLongitude`=:yp6, `locationImage`=:yp7 WHERE `locations`.`locationId`=9.
2018/05/04 15:59:06 [error] [exception.CDbException] exception 'CDbException' with message 'CDbCommand failed to execute the SQL statement: SQLSTATE[22001]: String data, right truncated: 1406 Data too long for column 'locationShortDescription' at row 1' in C:\websites\2017-projects\virtualopenday\yii\framework\db\CDbCommand.php:358
Stack trace:
#0 C:\websites\2017-projects\virtualopenday\yii\framework\db\ar\CActiveRecord.php(1756): CDbCommand->execute()
#1 C:\websites\2017-projects\virtualopenday\yii\framework\db\ar\CActiveRecord.php(1130): CActiveRecord->updateByPk('9', Array)
#2 C:\websites\2017-projects\virtualopenday\yii\framework\db\ar\CActiveRecord.php(811): CActiveRecord->update(NULL)
#3 C:\websites\2017-projects\virtualopenday\protected\modules\locations\controllers\LocationsController.php(176): CActiveRecord->save()
#4 C:\websites\2017-projects\virtualopenday\yii\framework\web\actions\CInlineAction.php(49): LocationsController->actionEdit()
#5 C:\websites\2017-projects\virtualopenday\yii\framework\web\CController.php(308): CInlineAction->runWithParams(Array)
#6 C:\websites\2017-projects\virtualopenday\yii\framework\web\filters\CFilterChain.php(134): CController->runAction(Object(CInlineAction))
#7 C:\websites\2017-projects\virtualopenday\yii\framework\web\filters\CFilter.php(40): CFilterChain->run()
#8 C:\websites\2017-projects\virtualopenday\yii\framework\web\CController.php(1148): CFilter->filter(Object(CFilterChain))
#9 C:\websites\2017-projects\virtualopenday\yii\framework\web\filters\CInlineFilter.php(58): CController->filterAccessControl(Object(CFilterChain))
#10 C:\websites\2017-projects\virtualopenday\yii\framework\web\filters\CFilterChain.php(131): CInlineFilter->filter(Object(CFilterChain))
#11 C:\websites\2017-projects\virtualopenday\yii\framework\web\CController.php(291): CFilterChain->run()
#12 C:\websites\2017-projects\virtualopenday\yii\framework\web\CController.php(265): CController->runActionWithFilters(Object(CInlineAction), Array)
#13 C:\websites\2017-projects\virtualopenday\yii\framework\web\CWebApplication.php(282): CController->run('edit')
#14 C:\websites\2017-projects\virtualopenday\yii\framework\web\CWebApplication.php(141): CWebApplication->runController('locations/locat...')
#15 C:\websites\2017-projects\virtualopenday\yii\framework\base\CApplication.php(185): CWebApplication->processRequest()
#16 C:\websites\2017-projects\virtualopenday\index.php(13): CApplication->run()
#17 {main}
REQUEST_URI=/2017-projects/virtualopenday/index.php/locations/locations/edit?id=9
HTTP_REFERER=https://zeno.computing.dundee.ac.uk/2017-projects/virtualopenday/index.php/locations/locations/edit?id=9
---
2018/05/20 14:55:04 [trace] [system.CModule] Loading "log" application component
in C:\xampp\htdocs\VOD\index.php (13)
2018/05/20 14:55:04 [trace] [system.CModule] Loading "request" application component
in C:\xampp\htdocs\VOD\index.php (13)
2018/05/20 14:55:04 [trace] [system.CModule] Loading "urlManager" application component
in C:\xampp\htdocs\VOD\index.php (13)
2018/05/20 14:55:04 [trace] [system.db.ar.CActiveRecord] User.findByAttributes()
in C:\xampp\htdocs\VOD\protected\components\UserIdentity.php (20)
in C:\xampp\htdocs\VOD\protected\models\LoginForm.php (50)
in C:\xampp\htdocs\VOD\protected\controllers\SiteController.php (114)
2018/05/20 14:55:04 [trace] [system.CModule] Loading "db" application component
in C:\xampp\htdocs\VOD\protected\components\UserIdentity.php (20)
in C:\xampp\htdocs\VOD\protected\models\LoginForm.php (50)
in C:\xampp\htdocs\VOD\protected\controllers\SiteController.php (114)
2018/05/20 14:55:04 [trace] [system.db.CDbConnection] Opening DB connection
in C:\xampp\htdocs\VOD\protected\components\UserIdentity.php (20)
in C:\xampp\htdocs\VOD\protected\models\LoginForm.php (50)
in C:\xampp\htdocs\VOD\protected\controllers\SiteController.php (114)
2018/05/20 14:55:05 [trace] [system.db.CDbCommand] Querying SQL: SHOW FULL COLUMNS FROM `users`
in C:\xampp\htdocs\VOD\protected\components\UserIdentity.php (20)
in C:\xampp\htdocs\VOD\protected\models\LoginForm.php (50)
in C:\xampp\htdocs\VOD\protected\controllers\SiteController.php (114)
2018/05/20 14:55:05 [trace] [system.db.CDbCommand] Querying SQL: SHOW CREATE TABLE `users`
in C:\xampp\htdocs\VOD\protected\components\UserIdentity.php (20)
in C:\xampp\htdocs\VOD\protected\models\LoginForm.php (50)
in C:\xampp\htdocs\VOD\protected\controllers\SiteController.php (114)
2018/05/20 14:55:05 [trace] [system.db.CDbCommand] Querying SQL: SELECT * FROM `users` `t` WHERE `t`.`username`=:yp0 LIMIT 1
in C:\xampp\htdocs\VOD\protected\components\UserIdentity.php (20)
in C:\xampp\htdocs\VOD\protected\models\LoginForm.php (50)
in C:\xampp\htdocs\VOD\protected\controllers\SiteController.php (114)
2018/05/20 14:55:05 [trace] [system.CModule] Loading "user" application component
in C:\xampp\htdocs\VOD\protected\models\LoginForm.php (68)
in C:\xampp\htdocs\VOD\protected\controllers\SiteController.php (114)
in C:\xampp\htdocs\VOD\index.php (13)
2018/05/20 14:55:05 [trace] [system.CModule] Loading "session" application component
in C:\xampp\htdocs\VOD\protected\models\LoginForm.php (68)
in C:\xampp\htdocs\VOD\protected\controllers\SiteController.php (114)
in C:\xampp\htdocs\VOD\index.php (13)
2018/05/20 14:55:05 [trace] [system.CModule] Loading "securityManager" application component
in C:\xampp\htdocs\VOD\protected\models\LoginForm.php (68)
in C:\xampp\htdocs\VOD\protected\controllers\SiteController.php (114)
in C:\xampp\htdocs\VOD\index.php (13)
2018/05/20 14:55:05 [trace] [system.CModule] Loading "statePersister" application component
in C:\xampp\htdocs\VOD\protected\models\LoginForm.php (68)
in C:\xampp\htdocs\VOD\protected\controllers\SiteController.php (114)
in C:\xampp\htdocs\VOD\index.php (13)
2018/05/20 14:55:05 [trace] [http] ###### admin
in C:\xampp\htdocs\VOD\protected\controllers\SiteController.php (116)
in C:\xampp\htdocs\VOD\index.php (13)
2018/05/20 14:55:05 [trace] [system.db.ar.CActiveRecord] User.findAll()
in C:\xampp\htdocs\VOD\protected\controllers\SiteController.php (117)
in C:\xampp\htdocs\VOD\index.php (13)
2018/05/20 14:55:05 [trace] [system.db.CDbCommand] Querying SQL: SELECT * FROM `users` `t`
in C:\xampp\htdocs\VOD\protected\controllers\SiteController.php (117)
in C:\xampp\htdocs\VOD\index.php (13)
2018/05/20 14:55:05 [trace] [system.CModule] Loading "log" application component
in C:\xampp\htdocs\VOD\index.php (13)
2018/05/20 14:55:05 [trace] [system.CModule] Loading "request" application component
in C:\xampp\htdocs\VOD\index.php (13)
2018/05/20 14:55:05 [trace] [system.CModule] Loading "urlManager" application component
in C:\xampp\htdocs\VOD\index.php (13)
2018/05/20 14:55:05 [trace] [system.CModule] Loading "user" application component
in C:\xampp\htdocs\VOD\protected\controllers\SiteController.php (44)
in C:\xampp\htdocs\VOD\index.php (13)
2018/05/20 14:55:05 [trace] [system.CModule] Loading "session" application component
in C:\xampp\htdocs\VOD\protected\controllers\SiteController.php (44)
in C:\xampp\htdocs\VOD\index.php (13)
2018/05/20 14:55:05 [trace] [system.db.ar.CActiveRecord] Location.findAll()
in C:\xampp\htdocs\VOD\protected\controllers\SiteController.php (52)
in C:\xampp\htdocs\VOD\index.php (13)
2018/05/20 14:55:05 [trace] [system.CModule] Loading "db" application component
in C:\xampp\htdocs\VOD\protected\controllers\SiteController.php (52)
in C:\xampp\htdocs\VOD\index.php (13)
2018/05/20 14:55:05 [trace] [system.db.CDbConnection] Opening DB connection
in C:\xampp\htdocs\VOD\protected\controllers\SiteController.php (52)
in C:\xampp\htdocs\VOD\index.php (13)
2018/05/20 14:55:06 [trace] [system.db.CDbCommand] Querying SQL: SHOW FULL COLUMNS FROM `locations`
in C:\xampp\htdocs\VOD\protected\controllers\SiteController.php (52)
in C:\xampp\htdocs\VOD\index.php (13)
2018/05/20 14:55:06 [trace] [system.db.CDbCommand] Querying SQL: SHOW CREATE TABLE `locations`
in C:\xampp\htdocs\VOD\protected\controllers\SiteController.php (52)
in C:\xampp\htdocs\VOD\index.php (13)
2018/05/20 14:55:06 [trace] [system.db.CDbCommand] Querying SQL: SELECT * FROM `locations` `t`
in C:\xampp\htdocs\VOD\protected\controllers\SiteController.php (52)
in C:\xampp\htdocs\VOD\index.php (13)
2018/05/20 14:55:06 [trace] [system.db.ar.CActiveRecord] Participant.findAll()
in C:\xampp\htdocs\VOD\protected\controllers\SiteController.php (61)
in C:\xampp\htdocs\VOD\index.php (13)
2018/05/20 14:55:06 [trace] [system.db.CDbCommand] Querying SQL: SHOW FULL COLUMNS FROM `participants`
in C:\xampp\htdocs\VOD\protected\controllers\SiteController.php (61)
in C:\xampp\htdocs\VOD\index.php (13)
2018/05/20 14:55:06 [trace] [system.db.CDbCommand] Querying SQL: SHOW CREATE TABLE `participants`
in C:\xampp\htdocs\VOD\protected\controllers\SiteController.php (61)
in C:\xampp\htdocs\VOD\index.php (13)
2018/05/20 14:55:06 [trace] [system.db.CDbCommand] Querying SQL: SELECT * FROM `participants` `t` WHERE userId = '2'
in C:\xampp\htdocs\VOD\protected\controllers\SiteController.php (61)
in C:\xampp\htdocs\VOD\index.php (13)
2018/05/20 14:55:06 [trace] [system.db.ar.CActiveRecord] Event.findAll()
in C:\xampp\htdocs\VOD\protected\controllers\SiteController.php (80)
in C:\xampp\htdocs\VOD\index.php (13)
2018/05/20 14:55:06 [trace] [system.db.CDbCommand] Querying SQL: SHOW FULL COLUMNS FROM `events`
in C:\xampp\htdocs\VOD\protected\controllers\SiteController.php (80)
in C:\xampp\htdocs\VOD\index.php (13)
2018/05/20 14:55:06 [trace] [system.db.CDbCommand] Querying SQL: SHOW CREATE TABLE `events`
in C:\xampp\htdocs\VOD\protected\controllers\SiteController.php (80)
in C:\xampp\htdocs\VOD\index.php (13)
2018/05/20 14:55:06 [trace] [system.db.CDbCommand] Querying SQL: SELECT * FROM `events` `t` WHERE eventId IN (:ycp0, :ycp1, :ycp2)
in C:\xampp\htdocs\VOD\protected\controllers\SiteController.php (80)
in C:\xampp\htdocs\VOD\index.php (13)
2018/05/20 14:55:06 [trace] [system.CModule] Loading "clientScript" application component
in C:\xampp\htdocs\VOD\protected\views\site\home.php (2)
in C:\xampp\htdocs\VOD\protected\controllers\SiteController.php (91)
in C:\xampp\htdocs\VOD\index.php (13)
2018/05/20 14:55:06 [trace] [system.CModule] Loading "assetManager" application component
in C:\xampp\htdocs\VOD\protected\views\site\home.php (2)
in C:\xampp\htdocs\VOD\protected\controllers\SiteController.php (91)
in C:\xampp\htdocs\VOD\index.php (13)
2018/05/20 14:55:07 [trace] [system.db.ar.CActiveRecord] Information.findAll()
in C:\xampp\htdocs\VOD\protected\views\layouts\menu.php (94)
in C:\xampp\htdocs\VOD\protected\controllers\SiteController.php (91)
in C:\xampp\htdocs\VOD\index.php (13)
2018/05/20 14:55:07 [trace] [system.db.CDbCommand] Querying SQL: SHOW FULL COLUMNS FROM `information`
in C:\xampp\htdocs\VOD\protected\views\layouts\menu.php (94)
in C:\xampp\htdocs\VOD\protected\controllers\SiteController.php (91)
in C:\xampp\htdocs\VOD\index.php (13)
2018/05/20 14:55:07 [trace] [system.db.CDbCommand] Querying SQL: SHOW CREATE TABLE `information`
in C:\xampp\htdocs\VOD\protected\views\layouts\menu.php (94)
in C:\xampp\htdocs\VOD\protected\controllers\SiteController.php (91)
in C:\xampp\htdocs\VOD\index.php (13)
2018/05/20 14:55:07 [trace] [system.db.CDbCommand] Querying SQL: SELECT * FROM `information` `t`
in C:\xampp\htdocs\VOD\protected\views\layouts\menu.php (94)
in C:\xampp\htdocs\VOD\protected\controllers\SiteController.php (91)
in C:\xampp\htdocs\VOD\index.php (13)
2018/05/20 14:55:07 [trace] [system.db.ar.CActiveRecord] User.findByPk()
in C:\xampp\htdocs\VOD\protected\views\layouts\menu.php (108)
in C:\xampp\htdocs\VOD\protected\controllers\SiteController.php (91)
in C:\xampp\htdocs\VOD\index.php (13)
2018/05/20 14:55:07 [trace] [system.db.CDbCommand] Querying SQL: SHOW FULL COLUMNS FROM `users`
in C:\xampp\htdocs\VOD\protected\views\layouts\menu.php (108)
in C:\xampp\htdocs\VOD\protected\controllers\SiteController.php (91)
in C:\xampp\htdocs\VOD\index.php (13)
2018/05/20 14:55:07 [trace] [system.db.CDbCommand] Querying SQL: SHOW CREATE TABLE `users`
in C:\xampp\htdocs\VOD\protected\views\layouts\menu.php (108)
in C:\xampp\htdocs\VOD\protected\controllers\SiteController.php (91)
in C:\xampp\htdocs\VOD\index.php (13)
2018/05/20 14:55:07 [trace] [system.db.CDbCommand] Querying SQL: SELECT * FROM `users` `t` WHERE `t`.`userId`=2 LIMIT 1
in C:\xampp\htdocs\VOD\protected\views\layouts\menu.php (108)
in C:\xampp\htdocs\VOD\protected\controllers\SiteController.php (91)
in C:\xampp\htdocs\VOD\index.php (13)
2018/05/20 14:55:39 [trace] [system.CModule] Loading "log" application component
in C:\xampp\htdocs\VOD\index.php (13)
2018/05/20 14:55:39 [trace] [system.CModule] Loading "request" application component
in C:\xampp\htdocs\VOD\index.php (13)
2018/05/20 14:55:39 [trace] [system.CModule] Loading "urlManager" application component
in C:\xampp\htdocs\VOD\index.php (13)
2018/05/20 14:55:39 [trace] [system.CModule] Loading "user" application component
in C:\xampp\htdocs\VOD\protected\controllers\SiteController.php (44)
in C:\xampp\htdocs\VOD\index.php (13)
2018/05/20 14:55:39 [trace] [system.CModule] Loading "session" application component
in C:\xampp\htdocs\VOD\protected\controllers\SiteController.php (44)
in C:\xampp\htdocs\VOD\index.php (13)
2018/05/20 14:55:39 [trace] [system.db.ar.CActiveRecord] Location.findAll()
in C:\xampp\htdocs\VOD\protected\controllers\SiteController.php (52)
in C:\xampp\htdocs\VOD\index.php (13)
2018/05/20 14:55:39 [trace] [system.CModule] Loading "db" application component
in C:\xampp\htdocs\VOD\protected\controllers\SiteController.php (52)
in C:\xampp\htdocs\VOD\index.php (13)
2018/05/20 14:55:39 [trace] [system.db.CDbConnection] Opening DB connection
in C:\xampp\htdocs\VOD\protected\controllers\SiteController.php (52)
in C:\xampp\htdocs\VOD\index.php (13)
2018/05/20 14:55:39 [trace] [system.db.CDbCommand] Querying SQL: SHOW FULL COLUMNS FROM `locations`
in C:\xampp\htdocs\VOD\protected\controllers\SiteController.php (52)
in C:\xampp\htdocs\VOD\index.php (13)
2018/05/20 14:55:39 [trace] [system.db.CDbCommand] Querying SQL: SHOW CREATE TABLE `locations`
in C:\xampp\htdocs\VOD\protected\controllers\SiteController.php (52)
in C:\xampp\htdocs\VOD\index.php (13)
2018/05/20 14:55:39 [trace] [system.db.CDbCommand] Querying SQL: SELECT * FROM `locations` `t`
in C:\xampp\htdocs\VOD\protected\controllers\SiteController.php (52)
in C:\xampp\htdocs\VOD\index.php (13)
2018/05/20 14:55:40 [trace] [system.db.ar.CActiveRecord] Participant.findAll()
in C:\xampp\htdocs\VOD\protected\controllers\SiteController.php (61)
in C:\xampp\htdocs\VOD\index.php (13)
2018/05/20 14:55:40 [trace] [system.db.CDbCommand] Querying SQL: SHOW FULL COLUMNS FROM `participants`
in C:\xampp\htdocs\VOD\protected\controllers\SiteController.php (61)
in C:\xampp\htdocs\VOD\index.php (13)
2018/05/20 14:55:40 [trace] [system.db.CDbCommand] Querying SQL: SHOW CREATE TABLE `participants`
in C:\xampp\htdocs\VOD\protected\controllers\SiteController.php (61)
in C:\xampp\htdocs\VOD\index.php (13)
2018/05/20 14:55:40 [trace] [system.db.CDbCommand] Querying SQL: SELECT * FROM `participants` `t` WHERE userId = '2'
in C:\xampp\htdocs\VOD\protected\controllers\SiteController.php (61)
in C:\xampp\htdocs\VOD\index.php (13)
2018/05/20 14:55:40 [trace] [system.db.ar.CActiveRecord] Event.findAll()
in C:\xampp\htdocs\VOD\protected\controllers\SiteController.php (80)
in C:\xampp\htdocs\VOD\index.php (13)
2018/05/20 14:55:40 [trace] [system.db.CDbCommand] Querying SQL: SHOW FULL COLUMNS FROM `events`
in C:\xampp\htdocs\VOD\protected\controllers\SiteController.php (80)
in C:\xampp\htdocs\VOD\index.php (13)
2018/05/20 14:55:40 [trace] [system.db.CDbCommand] Querying SQL: SHOW CREATE TABLE `events`
in C:\xampp\htdocs\VOD\protected\controllers\SiteController.php (80)
in C:\xampp\htdocs\VOD\index.php (13)
2018/05/20 14:55:40 [trace] [system.db.CDbCommand] Querying SQL: SELECT * FROM `events` `t` WHERE eventId IN (:ycp0, :ycp1, :ycp2)
in C:\xampp\htdocs\VOD\protected\controllers\SiteController.php (80)
in C:\xampp\htdocs\VOD\index.php (13)
2018/05/20 14:55:40 [trace] [system.CModule] Loading "clientScript" application component
in C:\xampp\htdocs\VOD\protected\views\site\home.php (2)
in C:\xampp\htdocs\VOD\protected\controllers\SiteController.php (91)
in C:\xampp\htdocs\VOD\index.php (13)
2018/05/20 14:55:40 [trace] [system.CModule] Loading "assetManager" application component
in C:\xampp\htdocs\VOD\protected\views\site\home.php (2)
in C:\xampp\htdocs\VOD\protected\controllers\SiteController.php (91)
in C:\xampp\htdocs\VOD\index.php (13)
2018/05/20 14:55:40 [trace] [system.db.ar.CActiveRecord] Information.findAll()
in C:\xampp\htdocs\VOD\protected\views\layouts\menu.php (94)
in C:\xampp\htdocs\VOD\protected\controllers\SiteController.php (91)
in C:\xampp\htdocs\VOD\index.php (13)
2018/05/20 14:55:40 [trace] [system.db.CDbCommand] Querying SQL: SHOW FULL COLUMNS FROM `information`
in C:\xampp\htdocs\VOD\protected\views\layouts\menu.php (94)
in C:\xampp\htdocs\VOD\protected\controllers\SiteController.php (91)
in C:\xampp\htdocs\VOD\index.php (13)
2018/05/20 14:55:40 [trace] [system.db.CDbCommand] Querying SQL: SHOW CREATE TABLE `information`
in C:\xampp\htdocs\VOD\protected\views\layouts\menu.php (94)
in C:\xampp\htdocs\VOD\protected\controllers\SiteController.php (91)
in C:\xampp\htdocs\VOD\index.php (13)
2018/05/20 14:55:40 [trace] [system.db.CDbCommand] Querying SQL: SELECT * FROM `information` `t`
in C:\xampp\htdocs\VOD\protected\views\layouts\menu.php (94)
in C:\xampp\htdocs\VOD\protected\controllers\SiteController.php (91)
in C:\xampp\htdocs\VOD\index.php (13)
2018/05/20 14:55:40 [trace] [system.db.ar.CActiveRecord] User.findByPk()
in C:\xampp\htdocs\VOD\protected\views\layouts\menu.php (108)
in C:\xampp\htdocs\VOD\protected\controllers\SiteController.php (91)
in C:\xampp\htdocs\VOD\index.php (13)
2018/05/20 14:55:40 [trace] [system.db.CDbCommand] Querying SQL: SHOW FULL COLUMNS FROM `users`
in C:\xampp\htdocs\VOD\protected\views\layouts\menu.php (108)
in C:\xampp\htdocs\VOD\protected\controllers\SiteController.php (91)
in C:\xampp\htdocs\VOD\index.php (13)
2018/05/20 14:55:40 [trace] [system.db.CDbCommand] Querying SQL: SHOW CREATE TABLE `users`
in C:\xampp\htdocs\VOD\protected\views\layouts\menu.php (108)
in C:\xampp\htdocs\VOD\protected\controllers\SiteController.php (91)
in C:\xampp\htdocs\VOD\index.php (13)
2018/05/20 14:55:40 [trace] [system.db.CDbCommand] Querying SQL: SELECT * FROM `users` `t` WHERE `t`.`userId`=2 LIMIT 1
in C:\xampp\htdocs\VOD\protected\views\layouts\menu.php (108)
in C:\xampp\htdocs\VOD\protected\controllers\SiteController.php (91)
in C:\xampp\htdocs\VOD\index.php (13)
2018/05/20 14:55:43 [trace] [system.CModule] Loading "log" application component
in C:\xampp\htdocs\VOD\index.php (13)
2018/05/20 14:55:43 [trace] [system.CModule] Loading "request" application component
in C:\xampp\htdocs\VOD\index.php (13)
2018/05/20 14:55:43 [trace] [system.CModule] Loading "urlManager" application component
in C:\xampp\htdocs\VOD\index.php (13)
2018/05/20 14:55:43 [trace] [system.CModule] Loading "user" application component
in C:\xampp\htdocs\VOD\protected\controllers\SiteController.php (44)
in C:\xampp\htdocs\VOD\index.php (13)
2018/05/20 14:55:43 [trace] [system.CModule] Loading "session" application component
in C:\xampp\htdocs\VOD\protected\controllers\SiteController.php (44)
in C:\xampp\htdocs\VOD\index.php (13)
2018/05/20 14:55:43 [trace] [system.db.ar.CActiveRecord] Location.findAll()
in C:\xampp\htdocs\VOD\protected\controllers\SiteController.php (52)
in C:\xampp\htdocs\VOD\index.php (13)
2018/05/20 14:55:43 [trace] [system.CModule] Loading "db" application component
in C:\xampp\htdocs\VOD\protected\controllers\SiteController.php (52)
in C:\xampp\htdocs\VOD\index.php (13)
2018/05/20 14:55:43 [trace] [system.db.CDbConnection] Opening DB connection
in C:\xampp\htdocs\VOD\protected\controllers\SiteController.php (52)
in C:\xampp\htdocs\VOD\index.php (13)
2018/05/20 14:55:44 [trace] [system.db.CDbCommand] Querying SQL: SHOW FULL COLUMNS FROM `locations`
in C:\xampp\htdocs\VOD\protected\controllers\SiteController.php (52)
in C:\xampp\htdocs\VOD\index.php (13)
2018/05/20 14:55:44 [trace] [system.db.CDbCommand] Querying SQL: SHOW CREATE TABLE `locations`
in C:\xampp\htdocs\VOD\protected\controllers\SiteController.php (52)
in C:\xampp\htdocs\VOD\index.php (13)
2018/05/20 14:55:44 [trace] [system.db.CDbCommand] Querying SQL: SELECT * FROM `locations` `t`
in C:\xampp\htdocs\VOD\protected\controllers\SiteController.php (52)
in C:\xampp\htdocs\VOD\index.php (13)
2018/05/20 14:55:44 [trace] [system.db.ar.CActiveRecord] Participant.findAll()
in C:\xampp\htdocs\VOD\protected\controllers\SiteController.php (61)
in C:\xampp\htdocs\VOD\index.php (13)
2018/05/20 14:55:44 [trace] [system.db.CDbCommand] Querying SQL: SHOW FULL COLUMNS FROM `participants`
in C:\xampp\htdocs\VOD\protected\controllers\SiteController.php (61)
in C:\xampp\htdocs\VOD\index.php (13)
2018/05/20 14:55:44 [trace] [system.db.CDbCommand] Querying SQL: SHOW CREATE TABLE `participants`
in C:\xampp\htdocs\VOD\protected\controllers\SiteController.php (61)
in C:\xampp\htdocs\VOD\index.php (13)
2018/05/20 14:55:44 [trace] [system.db.CDbCommand] Querying SQL: SELECT * FROM `participants` `t` WHERE userId = '2'
in C:\xampp\htdocs\VOD\protected\controllers\SiteController.php (61)
in C:\xampp\htdocs\VOD\index.php (13)
2018/05/20 14:55:44 [trace] [system.db.ar.CActiveRecord] Event.findAll()
in C:\xampp\htdocs\VOD\protected\controllers\SiteController.php (80)
in C:\xampp\htdocs\VOD\index.php (13)
2018/05/20 14:55:44 [trace] [system.db.CDbCommand] Querying SQL: SHOW FULL COLUMNS FROM `events`
in C:\xampp\htdocs\VOD\protected\controllers\SiteController.php (80)
in C:\xampp\htdocs\VOD\index.php (13)
2018/05/20 14:55:44 [trace] [system.db.CDbCommand] Querying SQL: SHOW CREATE TABLE `events`
in C:\xampp\htdocs\VOD\protected\controllers\SiteController.php (80)
in C:\xampp\htdocs\VOD\index.php (13)
2018/05/20 14:55:45 [trace] [system.db.CDbCommand] Querying SQL: SELECT * FROM `events` `t` WHERE eventId IN (:ycp0, :ycp1, :ycp2)
in C:\xampp\htdocs\VOD\protected\controllers\SiteController.php (80)
in C:\xampp\htdocs\VOD\index.php (13)
2018/05/20 14:55:45 [trace] [system.CModule] Loading "clientScript" application component
in C:\xampp\htdocs\VOD\protected\views\site\home.php (2)
in C:\xampp\htdocs\VOD\protected\controllers\SiteController.php (91)
in C:\xampp\htdocs\VOD\index.php (13)
2018/05/20 14:55:45 [trace] [system.CModule] Loading "assetManager" application component
in C:\xampp\htdocs\VOD\protected\views\site\home.php (2)
in C:\xampp\htdocs\VOD\protected\controllers\SiteController.php (91)
in C:\xampp\htdocs\VOD\index.php (13)
2018/05/20 14:55:45 [trace] [system.db.ar.CActiveRecord] Information.findAll()
in C:\xampp\htdocs\VOD\protected\views\layouts\menu.php (94)
in C:\xampp\htdocs\VOD\protected\controllers\SiteController.php (91)
in C:\xampp\htdocs\VOD\index.php (13)
2018/05/20 14:55:45 [trace] [system.db.CDbCommand] Querying SQL: SHOW FULL COLUMNS FROM `information`
in C:\xampp\htdocs\VOD\protected\views\layouts\menu.php (94)
in C:\xampp\htdocs\VOD\protected\controllers\SiteController.php (91)
in C:\xampp\htdocs\VOD\index.php (13)
2018/05/20 14:55:45 [trace] [system.db.CDbCommand] Querying SQL: SHOW CREATE TABLE `information`
in C:\xampp\htdocs\VOD\protected\views\layouts\menu.php (94)
in C:\xampp\htdocs\VOD\protected\controllers\SiteController.php (91)
in C:\xampp\htdocs\VOD\index.php (13)
2018/05/20 14:55:45 [trace] [system.db.CDbCommand] Querying SQL: SELECT * FROM `information` `t`
in C:\xampp\htdocs\VOD\protected\views\layouts\menu.php (94)
in C:\xampp\htdocs\VOD\protected\controllers\SiteController.php (91)
in C:\xampp\htdocs\VOD\index.php (13)
2018/05/20 14:55:45 [trace] [system.db.ar.CActiveRecord] User.findByPk()
in C:\xampp\htdocs\VOD\protected\views\layouts\menu.php (108)
in C:\xampp\htdocs\VOD\protected\controllers\SiteController.php (91)
in C:\xampp\htdocs\VOD\index.php (13)
2018/05/20 14:55:45 [trace] [system.db.CDbCommand] Querying SQL: SHOW FULL COLUMNS FROM `users`
in C:\xampp\htdocs\VOD\protected\views\layouts\menu.php (108)
in C:\xampp\htdocs\VOD\protected\controllers\SiteController.php (91)
in C:\xampp\htdocs\VOD\index.php (13)
2018/05/20 14:55:45 [trace] [system.db.CDbCommand] Querying SQL: SHOW CREATE TABLE `users`
in C:\xampp\htdocs\VOD\protected\views\layouts\menu.php (108)
in C:\xampp\htdocs\VOD\protected\controllers\SiteController.php (91)
in C:\xampp\htdocs\VOD\index.php (13)
2018/05/20 14:55:45 [trace] [system.db.CDbCommand] Querying SQL: SELECT * FROM `users` `t` WHERE `t`.`userId`=2 LIMIT 1
in C:\xampp\htdocs\VOD\protected\views\layouts\menu.php (108)
in C:\xampp\htdocs\VOD\protected\controllers\SiteController.php (91)
in C:\xampp\htdocs\VOD\index.php (13)
2018/05/20 14:57:32 [trace] [system.CModule] Loading "log" application component
in C:\xampp\htdocs\VOD\index.php (13)
2018/05/20 14:57:32 [trace] [system.CModule] Loading "request" application component
in C:\xampp\htdocs\VOD\index.php (13)
2018/05/20 14:57:32 [trace] [system.CModule] Loading "urlManager" application component
in C:\xampp\htdocs\VOD\index.php (13)
2018/05/20 14:57:32 [trace] [system.CModule] Loading "user" application component
in C:\xampp\htdocs\VOD\protected\controllers\SiteController.php (30)
in C:\xampp\htdocs\VOD\index.php (13)
2018/05/20 14:57:32 [trace] [system.CModule] Loading "session" application component
in C:\xampp\htdocs\VOD\protected\controllers\SiteController.php (30)
in C:\xampp\htdocs\VOD\index.php (13)
2018/05/20 14:57:32 [trace] [system.CModule] Loading "clientScript" application component
in C:\xampp\htdocs\VOD\protected\controllers\SiteController.php (39)
in C:\xampp\htdocs\VOD\index.php (13)
